生成启动时间为 2016/12/27 16:10:32。
     1>项目“E:\2016_Autumn\openGL_learining\light5\light1\light1.vcxproj”在节点 2 上(Build 个目标)。
     1>ClCompile:
         C:\Program Files (x86)\Microsoft Visual Studio 12.0\VC\bin\CL.exe /c /ZI /nologo /W3 /WX- /sdl /Od /Oy- /D WIN32 /D _DEBUG /D _CONSOLE /D _LIB /D _UNICODE /D UNICODE /Gm /EHsc /RTC1 /MDd /GS /fp:precise /Zc:wchar_t /Zc:forScope /Fo"Debug\\" /Fd"Debug\vc120.pdb" /Gd /TP /analyze- /errorReport:prompt light1.cpp
         light1.cpp
     1>e:\2016_autumn\opengl_learining\light5\light1\light1.cpp(217): warning C4244: “初始化”: 从“double”转换到“GLfloat”，可能丢失数据
     1>e:\2016_autumn\opengl_learining\light5\light1\light1.cpp(240): warning C4305: “参数”: 从“double”到“GLfloat”截断
     1>e:\2016_autumn\opengl_learining\light5\light1\light1.cpp(241): warning C4305: “参数”: 从“double”到“GLfloat”截断
     1>e:\2016_autumn\opengl_learining\light5\light1\light1.cpp(243): warning C4305: “参数”: 从“double”到“GLfloat”截断
     1>e:\2016_autumn\opengl_learining\light5\light1\light1.cpp(244): warning C4305: “参数”: 从“double”到“GLfloat”截断
     1>e:\2016_autumn\opengl_learining\light5\light1\light1.cpp(246): warning C4305: “参数”: 从“double”到“GLfloat”截断
     1>e:\2016_autumn\opengl_learining\light5\light1\light1.cpp(247): warning C4305: “参数”: 从“double”到“GLfloat”截断
     1>e:\2016_autumn\opengl_learining\light5\light1\light1.cpp(249): warning C4305: “参数”: 从“double”到“GLfloat”截断
     1>e:\2016_autumn\opengl_learining\light5\light1\light1.cpp(250): warning C4305: “参数”: 从“double”到“GLfloat”截断
     1>e:\2016_autumn\opengl_learining\light5\light1\light1.cpp(277): warning C4305: “参数”: 从“double”到“GLfloat”截断
     1>e:\2016_autumn\opengl_learining\light5\light1\light1.cpp(278): warning C4305: “参数”: 从“double”到“GLfloat”截断
     1>e:\2016_autumn\opengl_learining\light5\light1\light1.cpp(380): warning C4244: “=”: 从“double”转换到“GLfloat”，可能丢失数据
     1>e:\2016_autumn\opengl_learining\light5\light1\light1.cpp(381): warning C4244: “=”: 从“double”转换到“GLfloat”，可能丢失数据
     1>e:\2016_autumn\opengl_learining\light5\light1\light1.cpp(385): warning C4244: “初始化”: 从“double”转换到“GLfloat”，可能丢失数据
     1>e:\2016_autumn\opengl_learining\light5\light1\light1.cpp(386): warning C4244: “初始化”: 从“double”转换到“GLfloat”，可能丢失数据
     1>e:\2016_autumn\opengl_learining\light5\light1\light1.cpp(387): warning C4244: “=”: 从“double”转换到“GLfloat”，可能丢失数据
     1>e:\2016_autumn\opengl_learining\light5\light1\light1.cpp(388): warning C4244: “=”: 从“double”转换到“GLfloat”，可能丢失数据
     1>e:\2016_autumn\opengl_learining\light5\light1\light1.cpp(399): warning C4244: “参数”: 从“double”转换到“GLfloat”，可能丢失数据
       Link:
         C:\Program Files (x86)\Microsoft Visual Studio 12.0\VC\bin\link.exe /ERRORREPORT:PROMPT /OUT:"E:\2016_Autumn\openGL_learining\light5\Debug\light1.exe" /INCREMENTAL /NOLOGO opengl32.lib glfw3.lib glew32s.lib glew32d.lib glew32sd.lib SOIL.lib kernel32.lib user32.lib gdi32.lib winspool.lib comdlg32.lib advapi32.lib shell32.lib ole32.lib oleaut32.lib uuid.lib odbc32.lib odbccp32.lib /MANIFEST /MANIFESTUAC:"level='asInvoker' uiAccess='false'" /manifest:embed /DEBUG /PDB:"E:\2016_Autumn\openGL_learining\light5\Debug\light1.pdb" /SUBSYSTEM:CONSOLE /TLBID:1 /DYNAMICBASE /NXCOMPAT /IMPLIB:"E:\2016_Autumn\openGL_learining\light5\Debug\light1.lib" /MACHINE:X86 Debug\light1.obj
         Debug\shader.obj
         light1.vcxproj -> E:\2016_Autumn\openGL_learining\light5\Debug\light1.exe
     1>已完成生成项目“E:\2016_Autumn\openGL_learining\light5\light1\light1.vcxproj”(Build 个目标)的操作。

生成成功。

已用时间 00:00:01.64
